2026-05-16 11:18:57 [main] INFO  c.cristiane.salon.SalonApplication - Starting SalonApplication using Java 21.0.1 with PID 21224 (C:\Users\silva\Documents\sass\salao-cristiane\salon-back\target\classes started by silva in C:\Users\silva\Documents\sass\salao-cristiane)
2026-05-16 11:18:57 [main] DEBUG c.cristiane.salon.SalonApplication - Running with Spring Boot v4.0.6, Spring v7.0.7
2026-05-16 11:18:57 [main] INFO  c.cristiane.salon.SalonApplication - The following 1 profile is active: "dev"
2026-05-16 11:18:58 [main] INFO  o.s.d.r.c.RepositoryConfigurationDelegate - Bootstrapping Spring Data JPA repositories in DEFAULT mode.
2026-05-16 11:18:59 [main] INFO  o.s.d.r.c.RepositoryConfigurationDelegate - Finished Spring Data repository scanning in 161 ms. Found 8 JPA repository interfaces.
2026-05-16 11:19:00 [main] INFO  o.s.boot.tomcat.TomcatWebServer - Tomcat initialized with port 8080 (http)
2026-05-16 11:19:00 [main] INFO  o.a.catalina.core.StandardService - Starting service [Tomcat]
2026-05-16 11:19:00 [main] INFO  o.a.catalina.core.StandardEngine - Starting Servlet engine: [Apache Tomcat/11.0.21]
2026-05-16 11:19:00 [main] INFO  o.s.b.w.c.s.WebApplicationContextInitializer - Root WebApplicationContext: initialization completed in 3037 ms
2026-05-16 11:19:01 [main] INFO  org.hibernate.orm.jpa - HHH008540: Processing PersistenceUnitInfo [name: default]
2026-05-16 11:19:01 [main] INFO  org.hibernate.orm.core - HHH000001: Hibernate ORM core version 7.2.12.Final
2026-05-16 11:19:01 [main] INFO  o.s.o.j.p.SpringPersistenceUnitInfo - No LoadTimeWeaver setup: ignoring JPA class transformer
2026-05-16 11:19:01 [main] INFO  com.zaxxer.hikari.HikariDataSource - HikariPool-1 - Starting...
2026-05-16 11:19:02 [main] INFO  com.zaxxer.hikari.pool.HikariPool - HikariPool-1 - Added connection org.postgresql.jdbc.PgConnection@147059f8
2026-05-16 11:19:02 [main] INFO  com.zaxxer.hikari.HikariDataSource - HikariPool-1 - Start completed.
2026-05-16 11:19:02 [main] INFO  o.hibernate.orm.connections.pooling - HHH10001005: Database info:
	Database JDBC URL [jdbc:postgresql://localhost:5432/salon_dev]
	Database driver: PostgreSQL JDBC Driver
	Database dialect: PostgreSQLDialect
	Database version: 16.14
	Default catalog/schema: salon_dev/public
	Autocommit mode: undefined/unknown
	Isolation level: READ_COMMITTED [default READ_COMMITTED]
	JDBC fetch size: none
	Pool: DataSourceConnectionProvider
	Minimum pool size: undefined/unknown
	Maximum pool size: undefined/unknown
2026-05-16 11:19:03 [main] INFO  org.hibernate.orm.core - HHH000489: No JTA platform available (set 'hibernate.transaction.jta.platform' to enable JTA platform integration)
2026-05-16 11:19:03 [main] INFO  o.s.o.j.LocalContainerEntityManagerFactoryBean - Initialized JPA EntityManagerFactory for persistence unit 'default'
2026-05-16 11:19:03 [main] INFO  o.s.d.j.r.q.QueryEnhancerFactories - Hibernate is in classpath; If applicable, HQL parser will be used.
2026-05-16 11:19:04 [main] DEBUG c.c.s.s.JwtAuthenticationFilter - Filter 'jwtAuthenticationFilter' configured for use
2026-05-16 11:19:05 [main] INFO  o.s.s.c.a.a.c.InitializeAuthenticationProviderBeanManagerConfigurer$InitializeAuthenticationProviderManagerConfigurer - Global AuthenticationManager configured with AuthenticationProvider bean with name authenticationProvider
2026-05-16 11:19:05 [main] WARN  o.s.s.c.a.a.c.InitializeUserDetailsBeanManagerConfigurer$InitializeUserDetailsManagerConfigurer - Global AuthenticationManager configured with an AuthenticationProvider bean. UserDetailsService beans will not be used by Spring Security for automatically configuring username/password login. Consider removing the AuthenticationProvider bean. Alternatively, consider using the UserDetailsService in a manually instantiated DaoAuthenticationProvider. If the current configuration is intentional, to turn off this warning, increase the logging level of 'org.springframework.security.config.annotation.authentication.configuration.InitializeUserDetailsBeanManagerConfigurer' to ERROR
2026-05-16 11:19:06 [main] DEBUG o.s.s.web.DefaultSecurityFilterChain - Will secure any request with filters: DisableEncodeUrlFilter, WebAsyncManagerIntegrationFilter, SecurityContextHolderFilter, HeaderWriterFilter, CorsFilter, LogoutFilter, JwtAuthenticationFilter, RequestCacheAwareFilter, SecurityContextHolderAwareRequestFilter, AnonymousAuthenticationFilter, SessionManagementFilter, ExceptionTranslationFilter, AuthorizationFilter
2026-05-16 11:19:06 [main] INFO  o.s.boot.tomcat.TomcatWebServer - Tomcat started on port 8080 (http) with context path '/'
2026-05-16 11:19:06 [main] INFO  c.cristiane.salon.SalonApplication - Started SalonApplication in 10.02 seconds (process running for 10.659)
2026-05-16 11:19:37 [http-nio-8080-exec-1] INFO  o.a.c.c.C.[Tomcat].[localhost].[/] - Initializing Spring DispatcherServlet 'dispatcherServlet'
2026-05-16 11:19:37 [http-nio-8080-exec-1] INFO  o.s.web.servlet.DispatcherServlet - Initializing Servlet 'dispatcherServlet'
2026-05-16 11:19:37 [http-nio-8080-exec-1] INFO  o.s.web.servlet.DispatcherServlet - Completed initialization in 7 ms
2026-05-16 11:19:37 [http-nio-8080-exec-1] DEBUG o.s.security.web.FilterChainProxy - Securing OPTIONS /v1/auth/login
2026-05-16 11:19:38 [http-nio-8080-exec-2] DEBUG o.s.security.web.FilterChainProxy - Securing POST /v1/auth/login
2026-05-16 11:19:38 [http-nio-8080-exec-2] DEBUG o.s.s.w.a.AnonymousAuthenticationFilter - Set SecurityContextHolder to anonymous SecurityContext
2026-05-16 11:19:38 [http-nio-8080-exec-2] DEBUG o.s.security.web.FilterChainProxy - Secured POST /v1/auth/login
2026-05-16 11:19:39 [http-nio-8080-exec-2] DEBUG o.s.s.a.d.DaoAuthenticationProvider - Authenticated user
2026-05-16 11:19:45 [http-nio-8080-exec-3] DEBUG o.s.security.web.FilterChainProxy - Securing OPTIONS /v1/reports/financial
2026-05-16 11:19:45 [http-nio-8080-exec-8] DEBUG o.s.security.web.FilterChainProxy - Securing OPTIONS /v1/reports/appointments
2026-05-16 11:19:45 [http-nio-8080-exec-5] DEBUG o.s.security.web.FilterChainProxy - Securing OPTIONS /v1/cashflow
2026-05-16 11:19:45 [http-nio-8080-exec-10] DEBUG o.s.security.web.FilterChainProxy - Securing OPTIONS /v1/reports/appointments
2026-05-16 11:19:45 [http-nio-8080-exec-7] DEBUG o.s.security.web.FilterChainProxy - Securing OPTIONS /v1/reports/financial
2026-05-16 11:19:45 [http-nio-8080-exec-6] DEBUG o.s.security.web.FilterChainProxy - Securing OPTIONS /v1/cashflow
2026-05-16 11:19:45 [http-nio-8080-exec-3] DEBUG o.s.security.web.FilterChainProxy - Securing GET /v1/cashflow
2026-05-16 11:19:45 [http-nio-8080-exec-9] DEBUG o.s.security.web.FilterChainProxy - Securing GET /v1/reports/appointments
2026-05-16 11:19:45 [http-nio-8080-exec-7] DEBUG o.s.security.web.FilterChainProxy - Securing GET /v1/reports/financial
2026-05-16 11:19:45 [http-nio-8080-exec-9] DEBUG o.s.security.web.FilterChainProxy - Secured GET /v1/reports/appointments
2026-05-16 11:19:45 [http-nio-8080-exec-3] DEBUG o.s.security.web.FilterChainProxy - Secured GET /v1/cashflow
2026-05-16 11:19:45 [http-nio-8080-exec-7] DEBUG o.s.security.web.FilterChainProxy - Secured GET /v1/reports/financial
2026-05-16 11:19:45 [http-nio-8080-exec-3] DEBUG o.s.s.a.m.AuthorizationManagerBeforeMethodInterceptor - Authorizing method invocation ReflectiveMethodInvocation: public org.springframework.http.ResponseEntity com.cristiane.salon.controller.CashFlowController.findByPeriod(java.time.LocalDate,java.time.LocalDate); target is of class [com.cristiane.salon.controller.CashFlowController]
2026-05-16 11:19:45 [http-nio-8080-exec-7] DEBUG o.s.s.a.m.AuthorizationManagerBeforeMethodInterceptor - Authorizing method invocation ReflectiveMethodInvocation: public org.springframework.http.ResponseEntity com.cristiane.salon.controller.ReportController.getFinancialReport(java.time.LocalDate,java.time.LocalDate); target is of class [com.cristiane.salon.controller.ReportController]
2026-05-16 11:19:45 [http-nio-8080-exec-9] DEBUG o.s.s.a.m.AuthorizationManagerBeforeMethodInterceptor - Authorizing method invocation ReflectiveMethodInvocation: public org.springframework.http.ResponseEntity com.cristiane.salon.controller.ReportController.getAppointmentReport(java.time.LocalDate,java.time.LocalDate); target is of class [com.cristiane.salon.controller.ReportController]
2026-05-16 11:19:45 [http-nio-8080-exec-9] DEBUG o.s.s.a.m.AuthorizationManagerBeforeMethodInterceptor - Authorized method invocation ReflectiveMethodInvocation: public org.springframework.http.ResponseEntity com.cristiane.salon.controller.ReportController.getAppointmentReport(java.time.LocalDate,java.time.LocalDate); target is of class [com.cristiane.salon.controller.ReportController]
2026-05-16 11:19:45 [http-nio-8080-exec-3] DEBUG o.s.s.a.m.AuthorizationManagerBeforeMethodInterceptor - Authorized method invocation ReflectiveMethodInvocation: public org.springframework.http.ResponseEntity com.cristiane.salon.controller.CashFlowController.findByPeriod(java.time.LocalDate,java.time.LocalDate); target is of class [com.cristiane.salon.controller.CashFlowController]
2026-05-16 11:19:45 [http-nio-8080-exec-7] DEBUG o.s.s.a.m.AuthorizationManagerBeforeMethodInterceptor - Authorized method invocation ReflectiveMethodInvocation: public org.springframework.http.ResponseEntity com.cristiane.salon.controller.ReportController.getFinancialReport(java.time.LocalDate,java.time.LocalDate); target is of class [com.cristiane.salon.controller.ReportController]
2026-05-16 11:19:45 [http-nio-8080-exec-1] DEBUG o.s.security.web.FilterChainProxy - Securing GET /v1/reports/financial
2026-05-16 11:19:46 [http-nio-8080-exec-2] DEBUG o.s.security.web.FilterChainProxy - Securing GET /v1/cashflow
2026-05-16 11:19:46 [http-nio-8080-exec-2] DEBUG o.s.security.web.FilterChainProxy - Secured GET /v1/cashflow
2026-05-16 11:19:46 [http-nio-8080-exec-1] DEBUG o.s.security.web.FilterChainProxy - Secured GET /v1/reports/financial
2026-05-16 11:19:46 [http-nio-8080-exec-1] DEBUG o.s.s.a.m.AuthorizationManagerBeforeMethodInterceptor - Authorizing method invocation ReflectiveMethodInvocation: public org.springframework.http.ResponseEntity com.cristiane.salon.controller.ReportController.getFinancialReport(java.time.LocalDate,java.time.LocalDate); target is of class [com.cristiane.salon.controller.ReportController]
2026-05-16 11:19:46 [http-nio-8080-exec-2] DEBUG o.s.s.a.m.AuthorizationManagerBeforeMethodInterceptor - Authorizing method invocation ReflectiveMethodInvocation: public org.springframework.http.ResponseEntity com.cristiane.salon.controller.CashFlowController.findByPeriod(java.time.LocalDate,java.time.LocalDate); target is of class [com.cristiane.salon.controller.CashFlowController]
2026-05-16 11:19:46 [http-nio-8080-exec-2] DEBUG o.s.s.a.m.AuthorizationManagerBeforeMethodInterceptor - Authorized method invocation ReflectiveMethodInvocation: public org.springframework.http.ResponseEntity com.cristiane.salon.controller.CashFlowController.findByPeriod(java.time.LocalDate,java.time.LocalDate); target is of class [com.cristiane.salon.controller.CashFlowController]
2026-05-16 11:19:46 [http-nio-8080-exec-1] DEBUG o.s.s.a.m.AuthorizationManagerBeforeMethodInterceptor - Authorized method invocation ReflectiveMethodInvocation: public org.springframework.http.ResponseEntity com.cristiane.salon.controller.ReportController.getFinancialReport(java.time.LocalDate,java.time.LocalDate); target is of class [com.cristiane.salon.controller.ReportController]
2026-05-16 11:19:46 [http-nio-8080-exec-5] DEBUG o.s.security.web.FilterChainProxy - Securing GET /v1/reports/appointments
2026-05-16 11:19:46 [http-nio-8080-exec-5] DEBUG o.s.security.web.FilterChainProxy - Secured GET /v1/reports/appointments
2026-05-16 11:19:46 [http-nio-8080-exec-5] DEBUG o.s.s.a.m.AuthorizationManagerBeforeMethodInterceptor - Authorizing method invocation ReflectiveMethodInvocation: public org.springframework.http.ResponseEntity com.cristiane.salon.controller.ReportController.getAppointmentReport(java.time.LocalDate,java.time.LocalDate); target is of class [com.cristiane.salon.controller.ReportController]
2026-05-16 11:19:46 [http-nio-8080-exec-5] DEBUG o.s.s.a.m.AuthorizationManagerBeforeMethodInterceptor - Authorized method invocation ReflectiveMethodInvocation: public org.springframework.http.ResponseEntity com.cristiane.salon.controller.ReportController.getAppointmentReport(java.time.LocalDate,java.time.LocalDate); target is of class [com.cristiane.salon.controller.ReportController]
2026-05-16 11:19:48 [http-nio-8080-exec-4] DEBUG o.s.security.web.FilterChainProxy - Securing OPTIONS /v1/users
2026-05-16 11:19:48 [http-nio-8080-exec-8] DEBUG o.s.security.web.FilterChainProxy - Securing OPTIONS /v1/users
2026-05-16 11:19:48 [http-nio-8080-exec-10] DEBUG o.s.security.web.FilterChainProxy - Securing GET /v1/users
2026-05-16 11:19:48 [http-nio-8080-exec-10] DEBUG o.s.security.web.FilterChainProxy - Secured GET /v1/users
2026-05-16 11:19:48 [http-nio-8080-exec-10] DEBUG o.s.s.a.m.AuthorizationManagerBeforeMethodInterceptor - Authorizing method invocation ReflectiveMethodInvocation: public org.springframework.http.ResponseEntity com.cristiane.salon.controller.UserController.findAll(); target is of class [com.cristiane.salon.controller.UserController]
2026-05-16 11:19:48 [http-nio-8080-exec-10] DEBUG o.s.s.a.m.AuthorizationManagerBeforeMethodInterceptor - Authorized method invocation ReflectiveMethodInvocation: public org.springframework.http.ResponseEntity com.cristiane.salon.controller.UserController.findAll(); target is of class [com.cristiane.salon.controller.UserController]
2026-05-16 11:19:48 [http-nio-8080-exec-6] DEBUG o.s.security.web.FilterChainProxy - Securing GET /v1/users
2026-05-16 11:19:48 [http-nio-8080-exec-6] DEBUG o.s.security.web.FilterChainProxy - Secured GET /v1/users
2026-05-16 11:19:48 [http-nio-8080-exec-6] DEBUG o.s.s.a.m.AuthorizationManagerBeforeMethodInterceptor - Authorizing method invocation ReflectiveMethodInvocation: public org.springframework.http.ResponseEntity com.cristiane.salon.controller.UserController.findAll(); target is of class [com.cristiane.salon.controller.UserController]
2026-05-16 11:19:48 [http-nio-8080-exec-6] DEBUG o.s.s.a.m.AuthorizationManagerBeforeMethodInterceptor - Authorized method invocation ReflectiveMethodInvocation: public org.springframework.http.ResponseEntity com.cristiane.salon.controller.UserController.findAll(); target is of class [com.cristiane.salon.controller.UserController]
2026-05-16 11:19:49 [http-nio-8080-exec-3] DEBUG o.s.security.web.FilterChainProxy - Securing OPTIONS /v1/employees
2026-05-16 11:19:49 [http-nio-8080-exec-7] DEBUG o.s.security.web.FilterChainProxy - Securing OPTIONS /v1/employees
2026-05-16 11:19:49 [http-nio-8080-exec-9] DEBUG o.s.security.web.FilterChainProxy - Securing GET /v1/employees
2026-05-16 11:19:49 [http-nio-8080-exec-9] DEBUG o.s.security.web.FilterChainProxy - Secured GET /v1/employees
2026-05-16 11:19:49 [http-nio-8080-exec-9] DEBUG o.s.s.a.m.AuthorizationManagerBeforeMethodInterceptor - Authorizing method invocation ReflectiveMethodInvocation: public org.springframework.http.ResponseEntity com.cristiane.salon.controller.EmployeeController.findAll(); target is of class [com.cristiane.salon.controller.EmployeeController]
2026-05-16 11:19:49 [http-nio-8080-exec-9] DEBUG o.s.s.a.m.AuthorizationManagerBeforeMethodInterceptor - Authorized method invocation ReflectiveMethodInvocation: public org.springframework.http.ResponseEntity com.cristiane.salon.controller.EmployeeController.findAll(); target is of class [com.cristiane.salon.controller.EmployeeController]
2026-05-16 11:19:49 [http-nio-8080-exec-2] DEBUG o.s.security.web.FilterChainProxy - Securing GET /v1/employees
2026-05-16 11:19:49 [http-nio-8080-exec-2] DEBUG o.s.security.web.FilterChainProxy - Secured GET /v1/employees
2026-05-16 11:19:49 [http-nio-8080-exec-2] DEBUG o.s.s.a.m.AuthorizationManagerBeforeMethodInterceptor - Authorizing method invocation ReflectiveMethodInvocation: public org.springframework.http.ResponseEntity com.cristiane.salon.controller.EmployeeController.findAll(); target is of class [com.cristiane.salon.controller.EmployeeController]
2026-05-16 11:19:49 [http-nio-8080-exec-2] DEBUG o.s.s.a.m.AuthorizationManagerBeforeMethodInterceptor - Authorized method invocation ReflectiveMethodInvocation: public org.springframework.http.ResponseEntity com.cristiane.salon.controller.EmployeeController.findAll(); target is of class [com.cristiane.salon.controller.EmployeeController]
2026-05-16 11:19:50 [http-nio-8080-exec-1] DEBUG o.s.security.web.FilterChainProxy - Securing OPTIONS /v1/services
2026-05-16 11:19:50 [http-nio-8080-exec-5] DEBUG o.s.security.web.FilterChainProxy - Securing OPTIONS /v1/services
2026-05-16 11:19:50 [http-nio-8080-exec-4] DEBUG o.s.security.web.FilterChainProxy - Securing GET /v1/services
2026-05-16 11:19:50 [http-nio-8080-exec-4] DEBUG o.s.security.web.FilterChainProxy - Secured GET /v1/services
2026-05-16 11:19:50 [http-nio-8080-exec-8] DEBUG o.s.security.web.FilterChainProxy - Securing GET /v1/services
2026-05-16 11:19:50 [http-nio-8080-exec-8] DEBUG o.s.security.web.FilterChainProxy - Secured GET /v1/services
2026-05-16 11:19:56 [http-nio-8080-exec-10] DEBUG o.s.security.web.FilterChainProxy - Securing OPTIONS /v1/products
2026-05-16 11:19:56 [http-nio-8080-exec-6] DEBUG o.s.security.web.FilterChainProxy - Securing OPTIONS /v1/products
2026-05-16 11:19:56 [http-nio-8080-exec-3] DEBUG o.s.security.web.FilterChainProxy - Securing GET /v1/products
2026-05-16 11:19:57 [http-nio-8080-exec-3] DEBUG o.s.security.web.FilterChainProxy - Secured GET /v1/products
2026-05-16 11:19:57 [http-nio-8080-exec-7] DEBUG o.s.security.web.FilterChainProxy - Securing GET /v1/products
2026-05-16 11:19:57 [http-nio-8080-exec-7] DEBUG o.s.security.web.FilterChainProxy - Secured GET /v1/products
2026-05-16 11:19:58 [http-nio-8080-exec-9] DEBUG o.s.security.web.FilterChainProxy - Securing GET /v1/reports/financial
2026-05-16 11:19:58 [http-nio-8080-exec-2] DEBUG o.s.security.web.FilterChainProxy - Securing GET /v1/reports/appointments
2026-05-16 11:19:58 [http-nio-8080-exec-5] DEBUG o.s.security.web.FilterChainProxy - Securing GET /v1/cashflow
2026-05-16 11:19:58 [http-nio-8080-exec-5] DEBUG o.s.security.web.FilterChainProxy - Secured GET /v1/cashflow
2026-05-16 11:19:58 [http-nio-8080-exec-2] DEBUG o.s.security.web.FilterChainProxy - Secured GET /v1/reports/appointments
2026-05-16 11:19:58 [http-nio-8080-exec-5] DEBUG o.s.s.a.m.AuthorizationManagerBeforeMethodInterceptor - Authorizing method invocation ReflectiveMethodInvocation: public org.springframework.http.ResponseEntity com.cristiane.salon.controller.CashFlowController.findByPeriod(java.time.LocalDate,java.time.LocalDate); target is of class [com.cristiane.salon.controller.CashFlowController]
2026-05-16 11:19:58 [http-nio-8080-exec-2] DEBUG o.s.s.a.m.AuthorizationManagerBeforeMethodInterceptor - Authorizing method invocation ReflectiveMethodInvocation: public org.springframework.http.ResponseEntity com.cristiane.salon.controller.ReportController.getAppointmentReport(java.time.LocalDate,java.time.LocalDate); target is of class [com.cristiane.salon.controller.ReportController]
2026-05-16 11:19:58 [http-nio-8080-exec-5] DEBUG o.s.s.a.m.AuthorizationManagerBeforeMethodInterceptor - Authorized method invocation ReflectiveMethodInvocation: public org.springframework.http.ResponseEntity com.cristiane.salon.controller.CashFlowController.findByPeriod(java.time.LocalDate,java.time.LocalDate); target is of class [com.cristiane.salon.controller.CashFlowController]
2026-05-16 11:19:58 [http-nio-8080-exec-2] DEBUG o.s.s.a.m.AuthorizationManagerBeforeMethodInterceptor - Authorized method invocation ReflectiveMethodInvocation: public org.springframework.http.ResponseEntity com.cristiane.salon.controller.ReportController.getAppointmentReport(java.time.LocalDate,java.time.LocalDate); target is of class [com.cristiane.salon.controller.ReportController]
2026-05-16 11:19:58 [http-nio-8080-exec-9] DEBUG o.s.security.web.FilterChainProxy - Secured GET /v1/reports/financial
2026-05-16 11:19:58 [http-nio-8080-exec-9] DEBUG o.s.s.a.m.AuthorizationManagerBeforeMethodInterceptor - Authorizing method invocation ReflectiveMethodInvocation: public org.springframework.http.ResponseEntity com.cristiane.salon.controller.ReportController.getFinancialReport(java.time.LocalDate,java.time.LocalDate); target is of class [com.cristiane.salon.controller.ReportController]
2026-05-16 11:19:58 [http-nio-8080-exec-9] DEBUG o.s.s.a.m.AuthorizationManagerBeforeMethodInterceptor - Authorized method invocation ReflectiveMethodInvocation: public org.springframework.http.ResponseEntity com.cristiane.salon.controller.ReportController.getFinancialReport(java.time.LocalDate,java.time.LocalDate); target is of class [com.cristiane.salon.controller.ReportController]
2026-05-16 11:19:58 [http-nio-8080-exec-1] DEBUG o.s.security.web.FilterChainProxy - Securing GET /v1/cashflow
2026-05-16 11:19:58 [http-nio-8080-exec-4] DEBUG o.s.security.web.FilterChainProxy - Securing GET /v1/reports/financial
2026-05-16 11:19:58 [http-nio-8080-exec-1] DEBUG o.s.security.web.FilterChainProxy - Secured GET /v1/cashflow
2026-05-16 11:19:58 [http-nio-8080-exec-8] DEBUG o.s.security.web.FilterChainProxy - Securing GET /v1/reports/appointments
2026-05-16 11:19:58 [http-nio-8080-exec-1] DEBUG o.s.s.a.m.AuthorizationManagerBeforeMethodInterceptor - Authorizing method invocation ReflectiveMethodInvocation: public org.springframework.http.ResponseEntity com.cristiane.salon.controller.CashFlowController.findByPeriod(java.time.LocalDate,java.time.LocalDate); target is of class [com.cristiane.salon.controller.CashFlowController]
2026-05-16 11:19:58 [http-nio-8080-exec-1] DEBUG o.s.s.a.m.AuthorizationManagerBeforeMethodInterceptor - Authorized method invocation ReflectiveMethodInvocation: public org.springframework.http.ResponseEntity com.cristiane.salon.controller.CashFlowController.findByPeriod(java.time.LocalDate,java.time.LocalDate); target is of class [com.cristiane.salon.controller.CashFlowController]
2026-05-16 11:19:58 [http-nio-8080-exec-4] DEBUG o.s.security.web.FilterChainProxy - Secured GET /v1/reports/financial
2026-05-16 11:19:58 [http-nio-8080-exec-4] DEBUG o.s.s.a.m.AuthorizationManagerBeforeMethodInterceptor - Authorizing method invocation ReflectiveMethodInvocation: public org.springframework.http.ResponseEntity com.cristiane.salon.controller.ReportController.getFinancialReport(java.time.LocalDate,java.time.LocalDate); target is of class [com.cristiane.salon.controller.ReportController]
2026-05-16 11:19:58 [http-nio-8080-exec-4] DEBUG o.s.s.a.m.AuthorizationManagerBeforeMethodInterceptor - Authorized method invocation ReflectiveMethodInvocation: public org.springframework.http.ResponseEntity com.cristiane.salon.controller.ReportController.getFinancialReport(java.time.LocalDate,java.time.LocalDate); target is of class [com.cristiane.salon.controller.ReportController]
2026-05-16 11:19:58 [http-nio-8080-exec-8] DEBUG o.s.security.web.FilterChainProxy - Secured GET /v1/reports/appointments
2026-05-16 11:19:58 [http-nio-8080-exec-8] DEBUG o.s.s.a.m.AuthorizationManagerBeforeMethodInterceptor - Authorizing method invocation ReflectiveMethodInvocation: public org.springframework.http.ResponseEntity com.cristiane.salon.controller.ReportController.getAppointmentReport(java.time.LocalDate,java.time.LocalDate); target is of class [com.cristiane.salon.controller.ReportController]
2026-05-16 11:19:58 [http-nio-8080-exec-8] DEBUG o.s.s.a.m.AuthorizationManagerBeforeMethodInterceptor - Authorized method invocation ReflectiveMethodInvocation: public org.springframework.http.ResponseEntity com.cristiane.salon.controller.ReportController.getAppointmentReport(java.time.LocalDate,java.time.LocalDate); target is of class [com.cristiane.salon.controller.ReportController]
2026-05-16 11:22:16 [http-nio-8080-exec-2] DEBUG o.s.security.web.FilterChainProxy - Securing GET /v1/reports/financial
2026-05-16 11:22:16 [http-nio-8080-exec-1] DEBUG o.s.security.web.FilterChainProxy - Securing GET /v1/reports/appointments
2026-05-16 11:22:16 [http-nio-8080-exec-4] DEBUG o.s.security.web.FilterChainProxy - Securing GET /v1/cashflow
2026-05-16 11:22:16 [http-nio-8080-exec-1] DEBUG o.s.security.web.FilterChainProxy - Secured GET /v1/reports/appointments
2026-05-16 11:22:16 [http-nio-8080-exec-4] DEBUG o.s.security.web.FilterChainProxy - Secured GET /v1/cashflow
2026-05-16 11:22:16 [http-nio-8080-exec-2] DEBUG o.s.security.web.FilterChainProxy - Secured GET /v1/reports/financial
2026-05-16 11:22:16 [http-nio-8080-exec-4] DEBUG o.s.s.a.m.AuthorizationManagerBeforeMethodInterceptor - Authorizing method invocation ReflectiveMethodInvocation: public org.springframework.http.ResponseEntity com.cristiane.salon.controller.CashFlowController.findByPeriod(java.time.LocalDate,java.time.LocalDate); target is of class [com.cristiane.salon.controller.CashFlowController]
2026-05-16 11:22:16 [http-nio-8080-exec-4] DEBUG o.s.s.a.m.AuthorizationManagerBeforeMethodInterceptor - Authorized method invocation ReflectiveMethodInvocation: public org.springframework.http.ResponseEntity com.cristiane.salon.controller.CashFlowController.findByPeriod(java.time.LocalDate,java.time.LocalDate); target is of class [com.cristiane.salon.controller.CashFlowController]
2026-05-16 11:22:16 [http-nio-8080-exec-1] DEBUG o.s.s.a.m.AuthorizationManagerBeforeMethodInterceptor - Authorizing method invocation ReflectiveMethodInvocation: public org.springframework.http.ResponseEntity com.cristiane.salon.controller.ReportController.getAppointmentReport(java.time.LocalDate,java.time.LocalDate); target is of class [com.cristiane.salon.controller.ReportController]
2026-05-16 11:22:16 [http-nio-8080-exec-2] DEBUG o.s.s.a.m.AuthorizationManagerBeforeMethodInterceptor - Authorizing method invocation ReflectiveMethodInvocation: public org.springframework.http.ResponseEntity com.cristiane.salon.controller.ReportController.getFinancialReport(java.time.LocalDate,java.time.LocalDate); target is of class [com.cristiane.salon.controller.ReportController]
2026-05-16 11:22:16 [http-nio-8080-exec-1] DEBUG o.s.s.a.m.AuthorizationManagerBeforeMethodInterceptor - Authorized method invocation ReflectiveMethodInvocation: public org.springframework.http.ResponseEntity com.cristiane.salon.controller.ReportController.getAppointmentReport(java.time.LocalDate,java.time.LocalDate); target is of class [com.cristiane.salon.controller.ReportController]
2026-05-16 11:22:16 [http-nio-8080-exec-2] DEBUG o.s.s.a.m.AuthorizationManagerBeforeMethodInterceptor - Authorized method invocation ReflectiveMethodInvocation: public org.springframework.http.ResponseEntity com.cristiane.salon.controller.ReportController.getFinancialReport(java.time.LocalDate,java.time.LocalDate); target is of class [com.cristiane.salon.controller.ReportController]
2026-05-16 11:22:16 [http-nio-8080-exec-8] DEBUG o.s.security.web.FilterChainProxy - Securing GET /v1/cashflow
2026-05-16 11:22:16 [http-nio-8080-exec-6] DEBUG o.s.security.web.FilterChainProxy - Securing GET /v1/reports/financial
2026-05-16 11:22:16 [http-nio-8080-exec-6] DEBUG o.s.security.web.FilterChainProxy - Secured GET /v1/reports/financial
2026-05-16 11:22:16 [http-nio-8080-exec-8] DEBUG o.s.security.web.FilterChainProxy - Secured GET /v1/cashflow
2026-05-16 11:22:16 [http-nio-8080-exec-10] DEBUG o.s.security.web.FilterChainProxy - Securing GET /v1/reports/appointments
2026-05-16 11:22:16 [http-nio-8080-exec-6] DEBUG o.s.s.a.m.AuthorizationManagerBeforeMethodInterceptor - Authorizing method invocation ReflectiveMethodInvocation: public org.springframework.http.ResponseEntity com.cristiane.salon.controller.ReportController.getFinancialReport(java.time.LocalDate,java.time.LocalDate); target is of class [com.cristiane.salon.controller.ReportController]
2026-05-16 11:22:16 [http-nio-8080-exec-8] DEBUG o.s.s.a.m.AuthorizationManagerBeforeMethodInterceptor - Authorizing method invocation ReflectiveMethodInvocation: public org.springframework.http.ResponseEntity com.cristiane.salon.controller.CashFlowController.findByPeriod(java.time.LocalDate,java.time.LocalDate); target is of class [com.cristiane.salon.controller.CashFlowController]
2026-05-16 11:22:16 [http-nio-8080-exec-6] DEBUG o.s.s.a.m.AuthorizationManagerBeforeMethodInterceptor - Authorized method invocation ReflectiveMethodInvocation: public org.springframework.http.ResponseEntity com.cristiane.salon.controller.ReportController.getFinancialReport(java.time.LocalDate,java.time.LocalDate); target is of class [com.cristiane.salon.controller.ReportController]
2026-05-16 11:22:16 [http-nio-8080-exec-8] DEBUG o.s.s.a.m.AuthorizationManagerBeforeMethodInterceptor - Authorized method invocation ReflectiveMethodInvocation: public org.springframework.http.ResponseEntity com.cristiane.salon.controller.CashFlowController.findByPeriod(java.time.LocalDate,java.time.LocalDate); target is of class [com.cristiane.salon.controller.CashFlowController]
2026-05-16 11:22:16 [http-nio-8080-exec-10] DEBUG o.s.security.web.FilterChainProxy - Secured GET /v1/reports/appointments
2026-05-16 11:22:16 [http-nio-8080-exec-10] DEBUG o.s.s.a.m.AuthorizationManagerBeforeMethodInterceptor - Authorizing method invocation ReflectiveMethodInvocation: public org.springframework.http.ResponseEntity com.cristiane.salon.controller.ReportController.getAppointmentReport(java.time.LocalDate,java.time.LocalDate); target is of class [com.cristiane.salon.controller.ReportController]
2026-05-16 11:22:16 [http-nio-8080-exec-10] DEBUG o.s.s.a.m.AuthorizationManagerBeforeMethodInterceptor - Authorized method invocation ReflectiveMethodInvocation: public org.springframework.http.ResponseEntity com.cristiane.salon.controller.ReportController.getAppointmentReport(java.time.LocalDate,java.time.LocalDate); target is of class [com.cristiane.salon.controller.ReportController]
2026-05-16 11:22:19 [http-nio-8080-exec-9] DEBUG o.s.security.web.FilterChainProxy - Securing GET /v1/reports/financial
2026-05-16 11:22:19 [http-nio-8080-exec-5] DEBUG o.s.security.web.FilterChainProxy - Securing GET /v1/reports/appointments
2026-05-16 11:22:19 [http-nio-8080-exec-7] DEBUG o.s.security.web.FilterChainProxy - Securing GET /v1/cashflow
2026-05-16 11:22:19 [http-nio-8080-exec-7] DEBUG o.s.security.web.FilterChainProxy - Secured GET /v1/cashflow
2026-05-16 11:22:19 [http-nio-8080-exec-9] DEBUG o.s.security.web.FilterChainProxy - Secured GET /v1/reports/financial
2026-05-16 11:22:19 [http-nio-8080-exec-9] DEBUG o.s.s.a.m.AuthorizationManagerBeforeMethodInterceptor - Authorizing method invocation ReflectiveMethodInvocation: public org.springframework.http.ResponseEntity com.cristiane.salon.controller.ReportController.getFinancialReport(java.time.LocalDate,java.time.LocalDate); target is of class [com.cristiane.salon.controller.ReportController]
2026-05-16 11:22:19 [http-nio-8080-exec-7] DEBUG o.s.s.a.m.AuthorizationManagerBeforeMethodInterceptor - Authorizing method invocation ReflectiveMethodInvocation: public org.springframework.http.ResponseEntity com.cristiane.salon.controller.CashFlowController.findByPeriod(java.time.LocalDate,java.time.LocalDate); target is of class [com.cristiane.salon.controller.CashFlowController]
2026-05-16 11:22:19 [http-nio-8080-exec-7] DEBUG o.s.s.a.m.AuthorizationManagerBeforeMethodInterceptor - Authorized method invocation ReflectiveMethodInvocation: public org.springframework.http.ResponseEntity com.cristiane.salon.controller.CashFlowController.findByPeriod(java.time.LocalDate,java.time.LocalDate); target is of class [com.cristiane.salon.controller.CashFlowController]
2026-05-16 11:22:19 [http-nio-8080-exec-9] DEBUG o.s.s.a.m.AuthorizationManagerBeforeMethodInterceptor - Authorized method invocation ReflectiveMethodInvocation: public org.springframework.http.ResponseEntity com.cristiane.salon.controller.ReportController.getFinancialReport(java.time.LocalDate,java.time.LocalDate); target is of class [com.cristiane.salon.controller.ReportController]
2026-05-16 11:22:19 [http-nio-8080-exec-5] DEBUG o.s.security.web.FilterChainProxy - Secured GET /v1/reports/appointments
2026-05-16 11:22:19 [http-nio-8080-exec-5] DEBUG o.s.s.a.m.AuthorizationManagerBeforeMethodInterceptor - Authorizing method invocation ReflectiveMethodInvocation: public org.springframework.http.ResponseEntity com.cristiane.salon.controller.ReportController.getAppointmentReport(java.time.LocalDate,java.time.LocalDate); target is of class [com.cristiane.salon.controller.ReportController]
2026-05-16 11:22:19 [http-nio-8080-exec-5] DEBUG o.s.s.a.m.AuthorizationManagerBeforeMethodInterceptor - Authorized method invocation ReflectiveMethodInvocation: public org.springframework.http.ResponseEntity com.cristiane.salon.controller.ReportController.getAppointmentReport(java.time.LocalDate,java.time.LocalDate); target is of class [com.cristiane.salon.controller.ReportController]
2026-05-16 11:22:19 [http-nio-8080-exec-3] DEBUG o.s.security.web.FilterChainProxy - Securing GET /v1/cashflow
2026-05-16 11:22:19 [http-nio-8080-exec-4] DEBUG o.s.security.web.FilterChainProxy - Securing GET /v1/reports/financial
2026-05-16 11:22:19 [http-nio-8080-exec-4] DEBUG o.s.security.web.FilterChainProxy - Secured GET /v1/reports/financial
2026-05-16 11:22:19 [http-nio-8080-exec-2] DEBUG o.s.security.web.FilterChainProxy - Securing GET /v1/reports/appointments
2026-05-16 11:22:19 [http-nio-8080-exec-4] DEBUG o.s.s.a.m.AuthorizationManagerBeforeMethodInterceptor - Authorizing method invocation ReflectiveMethodInvocation: public org.springframework.http.ResponseEntity com.cristiane.salon.controller.ReportController.getFinancialReport(java.time.LocalDate,java.time.LocalDate); target is of class [com.cristiane.salon.controller.ReportController]
2026-05-16 11:22:19 [http-nio-8080-exec-3] DEBUG o.s.security.web.FilterChainProxy - Secured GET /v1/cashflow
2026-05-16 11:22:19 [http-nio-8080-exec-4] DEBUG o.s.s.a.m.AuthorizationManagerBeforeMethodInterceptor - Authorized method invocation ReflectiveMethodInvocation: public org.springframework.http.ResponseEntity com.cristiane.salon.controller.ReportController.getFinancialReport(java.time.LocalDate,java.time.LocalDate); target is of class [com.cristiane.salon.controller.ReportController]
2026-05-16 11:22:19 [http-nio-8080-exec-3] DEBUG o.s.s.a.m.AuthorizationManagerBeforeMethodInterceptor - Authorizing method invocation ReflectiveMethodInvocation: public org.springframework.http.ResponseEntity com.cristiane.salon.controller.CashFlowController.findByPeriod(java.time.LocalDate,java.time.LocalDate); target is of class [com.cristiane.salon.controller.CashFlowController]
2026-05-16 11:22:19 [http-nio-8080-exec-3] DEBUG o.s.s.a.m.AuthorizationManagerBeforeMethodInterceptor - Authorized method invocation ReflectiveMethodInvocation: public org.springframework.http.ResponseEntity com.cristiane.salon.controller.CashFlowController.findByPeriod(java.time.LocalDate,java.time.LocalDate); target is of class [com.cristiane.salon.controller.CashFlowController]
2026-05-16 11:22:19 [http-nio-8080-exec-2] DEBUG o.s.security.web.FilterChainProxy - Secured GET /v1/reports/appointments
2026-05-16 11:22:19 [http-nio-8080-exec-2] DEBUG o.s.s.a.m.AuthorizationManagerBeforeMethodInterceptor - Authorizing method invocation ReflectiveMethodInvocation: public org.springframework.http.ResponseEntity com.cristiane.salon.controller.ReportController.getAppointmentReport(java.time.LocalDate,java.time.LocalDate); target is of class [com.cristiane.salon.controller.ReportController]
2026-05-16 11:22:19 [http-nio-8080-exec-2] DEBUG o.s.s.a.m.AuthorizationManagerBeforeMethodInterceptor - Authorized method invocation ReflectiveMethodInvocation: public org.springframework.http.ResponseEntity com.cristiane.salon.controller.ReportController.getAppointmentReport(java.time.LocalDate,java.time.LocalDate); target is of class [com.cristiane.salon.controller.ReportController]
2026-05-16 11:22:40 [http-nio-8080-exec-8] DEBUG o.s.security.web.FilterChainProxy - Securing GET /v1/reports/appointments
2026-05-16 11:22:40 [http-nio-8080-exec-6] DEBUG o.s.security.web.FilterChainProxy - Securing GET /v1/cashflow
2026-05-16 11:22:40 [http-nio-8080-exec-1] DEBUG o.s.security.web.FilterChainProxy - Securing GET /v1/reports/financial
2026-05-16 11:22:40 [http-nio-8080-exec-1] DEBUG o.s.security.web.FilterChainProxy - Secured GET /v1/reports/financial
2026-05-16 11:22:40 [http-nio-8080-exec-6] DEBUG o.s.security.web.FilterChainProxy - Secured GET /v1/cashflow
2026-05-16 11:22:40 [http-nio-8080-exec-6] DEBUG o.s.s.a.m.AuthorizationManagerBeforeMethodInterceptor - Authorizing method invocation ReflectiveMethodInvocation: public org.springframework.http.ResponseEntity com.cristiane.salon.controller.CashFlowController.findByPeriod(java.time.LocalDate,java.time.LocalDate); target is of class [com.cristiane.salon.controller.CashFlowController]
2026-05-16 11:22:40 [http-nio-8080-exec-1] DEBUG o.s.s.a.m.AuthorizationManagerBeforeMethodInterceptor - Authorizing method invocation ReflectiveMethodInvocation: public org.springframework.http.ResponseEntity com.cristiane.salon.controller.ReportController.getFinancialReport(java.time.LocalDate,java.time.LocalDate); target is of class [com.cristiane.salon.controller.ReportController]
2026-05-16 11:22:40 [http-nio-8080-exec-6] DEBUG o.s.s.a.m.AuthorizationManagerBeforeMethodInterceptor - Authorized method invocation ReflectiveMethodInvocation: public org.springframework.http.ResponseEntity com.cristiane.salon.controller.CashFlowController.findByPeriod(java.time.LocalDate,java.time.LocalDate); target is of class [com.cristiane.salon.controller.CashFlowController]
2026-05-16 11:22:40 [http-nio-8080-exec-1] DEBUG o.s.s.a.m.AuthorizationManagerBeforeMethodInterceptor - Authorized method invocation ReflectiveMethodInvocation: public org.springframework.http.ResponseEntity com.cristiane.salon.controller.ReportController.getFinancialReport(java.time.LocalDate,java.time.LocalDate); target is of class [com.cristiane.salon.controller.ReportController]
2026-05-16 11:22:40 [http-nio-8080-exec-8] DEBUG o.s.security.web.FilterChainProxy - Secured GET /v1/reports/appointments
2026-05-16 11:22:40 [http-nio-8080-exec-8] DEBUG o.s.s.a.m.AuthorizationManagerBeforeMethodInterceptor - Authorizing method invocation ReflectiveMethodInvocation: public org.springframework.http.ResponseEntity com.cristiane.salon.controller.ReportController.getAppointmentReport(java.time.LocalDate,java.time.LocalDate); target is of class [com.cristiane.salon.controller.ReportController]
2026-05-16 11:22:40 [http-nio-8080-exec-8] DEBUG o.s.s.a.m.AuthorizationManagerBeforeMethodInterceptor - Authorized method invocation ReflectiveMethodInvocation: public org.springframework.http.ResponseEntity com.cristiane.salon.controller.ReportController.getAppointmentReport(java.time.LocalDate,java.time.LocalDate); target is of class [com.cristiane.salon.controller.ReportController]
2026-05-16 11:22:40 [http-nio-8080-exec-10] DEBUG o.s.security.web.FilterChainProxy - Securing GET /v1/cashflow
2026-05-16 11:22:40 [http-nio-8080-exec-9] DEBUG o.s.security.web.FilterChainProxy - Securing GET /v1/reports/financial
2026-05-16 11:22:40 [http-nio-8080-exec-10] DEBUG o.s.security.web.FilterChainProxy - Secured GET /v1/cashflow
2026-05-16 11:22:40 [http-nio-8080-exec-10] DEBUG o.s.s.a.m.AuthorizationManagerBeforeMethodInterceptor - Authorizing method invocation ReflectiveMethodInvocation: public org.springframework.http.ResponseEntity com.cristiane.salon.controller.CashFlowController.findByPeriod(java.time.LocalDate,java.time.LocalDate); target is of class [com.cristiane.salon.controller.CashFlowController]
2026-05-16 11:22:40 [http-nio-8080-exec-10] DEBUG o.s.s.a.m.AuthorizationManagerBeforeMethodInterceptor - Authorized method invocation ReflectiveMethodInvocation: public org.springframework.http.ResponseEntity com.cristiane.salon.controller.CashFlowController.findByPeriod(java.time.LocalDate,java.time.LocalDate); target is of class [com.cristiane.salon.controller.CashFlowController]
2026-05-16 11:22:40 [http-nio-8080-exec-7] DEBUG o.s.security.web.FilterChainProxy - Securing GET /v1/reports/appointments
2026-05-16 11:22:40 [http-nio-8080-exec-9] DEBUG o.s.security.web.FilterChainProxy - Secured GET /v1/reports/financial
2026-05-16 11:22:40 [http-nio-8080-exec-9] DEBUG o.s.s.a.m.AuthorizationManagerBeforeMethodInterceptor - Authorizing method invocation ReflectiveMethodInvocation: public org.springframework.http.ResponseEntity com.cristiane.salon.controller.ReportController.getFinancialReport(java.time.LocalDate,java.time.LocalDate); target is of class [com.cristiane.salon.controller.ReportController]
2026-05-16 11:22:40 [http-nio-8080-exec-9] DEBUG o.s.s.a.m.AuthorizationManagerBeforeMethodInterceptor - Authorized method invocation ReflectiveMethodInvocation: public org.springframework.http.ResponseEntity com.cristiane.salon.controller.ReportController.getFinancialReport(java.time.LocalDate,java.time.LocalDate); target is of class [com.cristiane.salon.controller.ReportController]
2026-05-16 11:22:40 [http-nio-8080-exec-7] DEBUG o.s.security.web.FilterChainProxy - Secured GET /v1/reports/appointments
2026-05-16 11:22:40 [http-nio-8080-exec-7] DEBUG o.s.s.a.m.AuthorizationManagerBeforeMethodInterceptor - Authorizing method invocation ReflectiveMethodInvocation: public org.springframework.http.ResponseEntity com.cristiane.salon.controller.ReportController.getAppointmentReport(java.time.LocalDate,java.time.LocalDate); target is of class [com.cristiane.salon.controller.ReportController]
2026-05-16 11:22:40 [http-nio-8080-exec-7] DEBUG o.s.s.a.m.AuthorizationManagerBeforeMethodInterceptor - Authorized method invocation ReflectiveMethodInvocation: public org.springframework.http.ResponseEntity com.cristiane.salon.controller.ReportController.getAppointmentReport(java.time.LocalDate,java.time.LocalDate); target is of class [com.cristiane.salon.controller.ReportController]
2026-05-16 11:22:57 [http-nio-8080-exec-5] DEBUG o.s.security.web.FilterChainProxy - Securing GET /v1/reports/financial
2026-05-16 11:22:57 [http-nio-8080-exec-4] DEBUG o.s.security.web.FilterChainProxy - Securing GET /v1/cashflow
2026-05-16 11:22:57 [http-nio-8080-exec-3] DEBUG o.s.security.web.FilterChainProxy - Securing GET /v1/reports/appointments
2026-05-16 11:22:57 [http-nio-8080-exec-3] DEBUG o.s.security.web.FilterChainProxy - Secured GET /v1/reports/appointments
2026-05-16 11:22:57 [http-nio-8080-exec-5] DEBUG o.s.security.web.FilterChainProxy - Secured GET /v1/reports/financial
2026-05-16 11:22:57 [http-nio-8080-exec-5] DEBUG o.s.s.a.m.AuthorizationManagerBeforeMethodInterceptor - Authorizing method invocation ReflectiveMethodInvocation: public org.springframework.http.ResponseEntity com.cristiane.salon.controller.ReportController.getFinancialReport(java.time.LocalDate,java.time.LocalDate); target is of class [com.cristiane.salon.controller.ReportController]
2026-05-16 11:22:57 [http-nio-8080-exec-3] DEBUG o.s.s.a.m.AuthorizationManagerBeforeMethodInterceptor - Authorizing method invocation ReflectiveMethodInvocation: public org.springframework.http.ResponseEntity com.cristiane.salon.controller.ReportController.getAppointmentReport(java.time.LocalDate,java.time.LocalDate); target is of class [com.cristiane.salon.controller.ReportController]
2026-05-16 11:22:57 [http-nio-8080-exec-5] DEBUG o.s.s.a.m.AuthorizationManagerBeforeMethodInterceptor - Authorized method invocation ReflectiveMethodInvocation: public org.springframework.http.ResponseEntity com.cristiane.salon.controller.ReportController.getFinancialReport(java.time.LocalDate,java.time.LocalDate); target is of class [com.cristiane.salon.controller.ReportController]
2026-05-16 11:22:57 [http-nio-8080-exec-3] DEBUG o.s.s.a.m.AuthorizationManagerBeforeMethodInterceptor - Authorized method invocation ReflectiveMethodInvocation: public org.springframework.http.ResponseEntity com.cristiane.salon.controller.ReportController.getAppointmentReport(java.time.LocalDate,java.time.LocalDate); target is of class [com.cristiane.salon.controller.ReportController]
2026-05-16 11:22:57 [http-nio-8080-exec-4] DEBUG o.s.security.web.FilterChainProxy - Secured GET /v1/cashflow
2026-05-16 11:22:57 [http-nio-8080-exec-4] DEBUG o.s.s.a.m.AuthorizationManagerBeforeMethodInterceptor - Authorizing method invocation ReflectiveMethodInvocation: public org.springframework.http.ResponseEntity com.cristiane.salon.controller.CashFlowController.findByPeriod(java.time.LocalDate,java.time.LocalDate); target is of class [com.cristiane.salon.controller.CashFlowController]
2026-05-16 11:22:57 [http-nio-8080-exec-4] DEBUG o.s.s.a.m.AuthorizationManagerBeforeMethodInterceptor - Authorized method invocation ReflectiveMethodInvocation: public org.springframework.http.ResponseEntity com.cristiane.salon.controller.CashFlowController.findByPeriod(java.time.LocalDate,java.time.LocalDate); target is of class [com.cristiane.salon.controller.CashFlowController]
2026-05-16 11:22:57 [http-nio-8080-exec-2] DEBUG o.s.security.web.FilterChainProxy - Securing GET /v1/reports/financial
2026-05-16 11:22:57 [http-nio-8080-exec-6] DEBUG o.s.security.web.FilterChainProxy - Securing GET /v1/cashflow
2026-05-16 11:22:57 [http-nio-8080-exec-1] DEBUG o.s.security.web.FilterChainProxy - Securing GET /v1/reports/appointments
2026-05-16 11:22:57 [http-nio-8080-exec-6] DEBUG o.s.security.web.FilterChainProxy - Secured GET /v1/cashflow
2026-05-16 11:22:57 [http-nio-8080-exec-2] DEBUG o.s.security.web.FilterChainProxy - Secured GET /v1/reports/financial
2026-05-16 11:22:57 [http-nio-8080-exec-6] DEBUG o.s.s.a.m.AuthorizationManagerBeforeMethodInterceptor - Authorizing method invocation ReflectiveMethodInvocation: public org.springframework.http.ResponseEntity com.cristiane.salon.controller.CashFlowController.findByPeriod(java.time.LocalDate,java.time.LocalDate); target is of class [com.cristiane.salon.controller.CashFlowController]
2026-05-16 11:22:57 [http-nio-8080-exec-2] DEBUG o.s.s.a.m.AuthorizationManagerBeforeMethodInterceptor - Authorizing method invocation ReflectiveMethodInvocation: public org.springframework.http.ResponseEntity com.cristiane.salon.controller.ReportController.getFinancialReport(java.time.LocalDate,java.time.LocalDate); target is of class [com.cristiane.salon.controller.ReportController]
2026-05-16 11:22:57 [http-nio-8080-exec-6] DEBUG o.s.s.a.m.AuthorizationManagerBeforeMethodInterceptor - Authorized method invocation ReflectiveMethodInvocation: public org.springframework.http.ResponseEntity com.cristiane.salon.controller.CashFlowController.findByPeriod(java.time.LocalDate,java.time.LocalDate); target is of class [com.cristiane.salon.controller.CashFlowController]
2026-05-16 11:22:57 [http-nio-8080-exec-2] DEBUG o.s.s.a.m.AuthorizationManagerBeforeMethodInterceptor - Authorized method invocation ReflectiveMethodInvocation: public org.springframework.http.ResponseEntity com.cristiane.salon.controller.ReportController.getFinancialReport(java.time.LocalDate,java.time.LocalDate); target is of class [com.cristiane.salon.controller.ReportController]
2026-05-16 11:22:57 [http-nio-8080-exec-1] DEBUG o.s.security.web.FilterChainProxy - Secured GET /v1/reports/appointments
2026-05-16 11:22:57 [http-nio-8080-exec-1] DEBUG o.s.s.a.m.AuthorizationManagerBeforeMethodInterceptor - Authorizing method invocation ReflectiveMethodInvocation: public org.springframework.http.ResponseEntity com.cristiane.salon.controller.ReportController.getAppointmentReport(java.time.LocalDate,java.time.LocalDate); target is of class [com.cristiane.salon.controller.ReportController]
2026-05-16 11:22:57 [http-nio-8080-exec-1] DEBUG o.s.s.a.m.AuthorizationManagerBeforeMethodInterceptor - Authorized method invocation ReflectiveMethodInvocation: public org.springframework.http.ResponseEntity com.cristiane.salon.controller.ReportController.getAppointmentReport(java.time.LocalDate,java.time.LocalDate); target is of class [com.cristiane.salon.controller.ReportController]
2026-05-16 11:22:59 [http-nio-8080-exec-10] DEBUG o.s.security.web.FilterChainProxy - Securing GET /v1/reports/appointments
2026-05-16 11:22:59 [http-nio-8080-exec-8] DEBUG o.s.security.web.FilterChainProxy - Securing GET /v1/reports/financial
2026-05-16 11:22:59 [http-nio-8080-exec-9] DEBUG o.s.security.web.FilterChainProxy - Securing GET /v1/cashflow
2026-05-16 11:22:59 [http-nio-8080-exec-9] DEBUG o.s.security.web.FilterChainProxy - Secured GET /v1/cashflow
2026-05-16 11:22:59 [http-nio-8080-exec-10] DEBUG o.s.security.web.FilterChainProxy - Secured GET /v1/reports/appointments
2026-05-16 11:22:59 [http-nio-8080-exec-8] DEBUG o.s.security.web.FilterChainProxy - Secured GET /v1/reports/financial
2026-05-16 11:22:59 [http-nio-8080-exec-9] DEBUG o.s.s.a.m.AuthorizationManagerBeforeMethodInterceptor - Authorizing method invocation ReflectiveMethodInvocation: public org.springframework.http.ResponseEntity com.cristiane.salon.controller.CashFlowController.findByPeriod(java.time.LocalDate,java.time.LocalDate); target is of class [com.cristiane.salon.controller.CashFlowController]
2026-05-16 11:22:59 [http-nio-8080-exec-9] DEBUG o.s.s.a.m.AuthorizationManagerBeforeMethodInterceptor - Authorized method invocation ReflectiveMethodInvocation: public org.springframework.http.ResponseEntity com.cristiane.salon.controller.CashFlowController.findByPeriod(java.time.LocalDate,java.time.LocalDate); target is of class [com.cristiane.salon.controller.CashFlowController]
2026-05-16 11:22:59 [http-nio-8080-exec-10] DEBUG o.s.s.a.m.AuthorizationManagerBeforeMethodInterceptor - Authorizing method invocation ReflectiveMethodInvocation: public org.springframework.http.ResponseEntity com.cristiane.salon.controller.ReportController.getAppointmentReport(java.time.LocalDate,java.time.LocalDate); target is of class [com.cristiane.salon.controller.ReportController]
2026-05-16 11:22:59 [http-nio-8080-exec-8] DEBUG o.s.s.a.m.AuthorizationManagerBeforeMethodInterceptor - Authorizing method invocation ReflectiveMethodInvocation: public org.springframework.http.ResponseEntity com.cristiane.salon.controller.ReportController.getFinancialReport(java.time.LocalDate,java.time.LocalDate); target is of class [com.cristiane.salon.controller.ReportController]
2026-05-16 11:22:59 [http-nio-8080-exec-10] DEBUG o.s.s.a.m.AuthorizationManagerBeforeMethodInterceptor - Authorized method invocation ReflectiveMethodInvocation: public org.springframework.http.ResponseEntity com.cristiane.salon.controller.ReportController.getAppointmentReport(java.time.LocalDate,java.time.LocalDate); target is of class [com.cristiane.salon.controller.ReportController]
2026-05-16 11:22:59 [http-nio-8080-exec-8] DEBUG o.s.s.a.m.AuthorizationManagerBeforeMethodInterceptor - Authorized method invocation ReflectiveMethodInvocation: public org.springframework.http.ResponseEntity com.cristiane.salon.controller.ReportController.getFinancialReport(java.time.LocalDate,java.time.LocalDate); target is of class [com.cristiane.salon.controller.ReportController]
2026-05-16 11:22:59 [http-nio-8080-exec-7] DEBUG o.s.security.web.FilterChainProxy - Securing GET /v1/cashflow
2026-05-16 11:22:59 [http-nio-8080-exec-5] DEBUG o.s.security.web.FilterChainProxy - Securing GET /v1/reports/financial
2026-05-16 11:22:59 [http-nio-8080-exec-4] DEBUG o.s.security.web.FilterChainProxy - Securing GET /v1/reports/appointments
2026-05-16 11:22:59 [http-nio-8080-exec-7] DEBUG o.s.security.web.FilterChainProxy - Secured GET /v1/cashflow
2026-05-16 11:22:59 [http-nio-8080-exec-7] DEBUG o.s.s.a.m.AuthorizationManagerBeforeMethodInterceptor - Authorizing method invocation ReflectiveMethodInvocation: public org.springframework.http.ResponseEntity com.cristiane.salon.controller.CashFlowController.findByPeriod(java.time.LocalDate,java.time.LocalDate); target is of class [com.cristiane.salon.controller.CashFlowController]
2026-05-16 11:22:59 [http-nio-8080-exec-7] DEBUG o.s.s.a.m.AuthorizationManagerBeforeMethodInterceptor - Authorized method invocation ReflectiveMethodInvocation: public org.springframework.http.ResponseEntity com.cristiane.salon.controller.CashFlowController.findByPeriod(java.time.LocalDate,java.time.LocalDate); target is of class [com.cristiane.salon.controller.CashFlowController]
2026-05-16 11:22:59 [http-nio-8080-exec-4] DEBUG o.s.security.web.FilterChainProxy - Secured GET /v1/reports/appointments
2026-05-16 11:22:59 [http-nio-8080-exec-4] DEBUG o.s.s.a.m.AuthorizationManagerBeforeMethodInterceptor - Authorizing method invocation ReflectiveMethodInvocation: public org.springframework.http.ResponseEntity com.cristiane.salon.controller.ReportController.getAppointmentReport(java.time.LocalDate,java.time.LocalDate); target is of class [com.cristiane.salon.controller.ReportController]
2026-05-16 11:22:59 [http-nio-8080-exec-5] DEBUG o.s.security.web.FilterChainProxy - Secured GET /v1/reports/financial
2026-05-16 11:22:59 [http-nio-8080-exec-4] DEBUG o.s.s.a.m.AuthorizationManagerBeforeMethodInterceptor - Authorized method invocation ReflectiveMethodInvocation: public org.springframework.http.ResponseEntity com.cristiane.salon.controller.ReportController.getAppointmentReport(java.time.LocalDate,java.time.LocalDate); target is of class [com.cristiane.salon.controller.ReportController]
2026-05-16 11:22:59 [http-nio-8080-exec-5] DEBUG o.s.s.a.m.AuthorizationManagerBeforeMethodInterceptor - Authorizing method invocation ReflectiveMethodInvocation: public org.springframework.http.ResponseEntity com.cristiane.salon.controller.ReportController.getFinancialReport(java.time.LocalDate,java.time.LocalDate); target is of class [com.cristiane.salon.controller.ReportController]
2026-05-16 11:22:59 [http-nio-8080-exec-5] DEBUG o.s.s.a.m.AuthorizationManagerBeforeMethodInterceptor - Authorized method invocation ReflectiveMethodInvocation: public org.springframework.http.ResponseEntity com.cristiane.salon.controller.ReportController.getFinancialReport(java.time.LocalDate,java.time.LocalDate); target is of class [com.cristiane.salon.controller.ReportController]
2026-05-16 11:23:30 [http-nio-8080-exec-2] DEBUG o.s.security.web.FilterChainProxy - Securing GET /v1/reports/appointments
2026-05-16 11:23:30 [http-nio-8080-exec-3] DEBUG o.s.security.web.FilterChainProxy - Securing GET /v1/reports/financial
2026-05-16 11:23:30 [http-nio-8080-exec-6] DEBUG o.s.security.web.FilterChainProxy - Securing GET /v1/cashflow
2026-05-16 11:23:30 [http-nio-8080-exec-3] DEBUG o.s.security.web.FilterChainProxy - Secured GET /v1/reports/financial
2026-05-16 11:23:30 [http-nio-8080-exec-2] DEBUG o.s.security.web.FilterChainProxy - Secured GET /v1/reports/appointments
2026-05-16 11:23:30 [http-nio-8080-exec-6] DEBUG o.s.security.web.FilterChainProxy - Secured GET /v1/cashflow
2026-05-16 11:23:30 [http-nio-8080-exec-3] DEBUG o.s.s.a.m.AuthorizationManagerBeforeMethodInterceptor - Authorizing method invocation ReflectiveMethodInvocation: public org.springframework.http.ResponseEntity com.cristiane.salon.controller.ReportController.getFinancialReport(java.time.LocalDate,java.time.LocalDate); target is of class [com.cristiane.salon.controller.ReportController]
2026-05-16 11:23:30 [http-nio-8080-exec-2] DEBUG o.s.s.a.m.AuthorizationManagerBeforeMethodInterceptor - Authorizing method invocation ReflectiveMethodInvocation: public org.springframework.http.ResponseEntity com.cristiane.salon.controller.ReportController.getAppointmentReport(java.time.LocalDate,java.time.LocalDate); target is of class [com.cristiane.salon.controller.ReportController]
2026-05-16 11:23:30 [http-nio-8080-exec-6] DEBUG o.s.s.a.m.AuthorizationManagerBeforeMethodInterceptor - Authorizing method invocation ReflectiveMethodInvocation: public org.springframework.http.ResponseEntity com.cristiane.salon.controller.CashFlowController.findByPeriod(java.time.LocalDate,java.time.LocalDate); target is of class [com.cristiane.salon.controller.CashFlowController]
2026-05-16 11:23:30 [http-nio-8080-exec-3] DEBUG o.s.s.a.m.AuthorizationManagerBeforeMethodInterceptor - Authorized method invocation ReflectiveMethodInvocation: public org.springframework.http.ResponseEntity com.cristiane.salon.controller.ReportController.getFinancialReport(java.time.LocalDate,java.time.LocalDate); target is of class [com.cristiane.salon.controller.ReportController]
2026-05-16 11:23:30 [http-nio-8080-exec-2] DEBUG o.s.s.a.m.AuthorizationManagerBeforeMethodInterceptor - Authorized method invocation ReflectiveMethodInvocation: public org.springframework.http.ResponseEntity com.cristiane.salon.controller.ReportController.getAppointmentReport(java.time.LocalDate,java.time.LocalDate); target is of class [com.cristiane.salon.controller.ReportController]
2026-05-16 11:23:30 [http-nio-8080-exec-6] DEBUG o.s.s.a.m.AuthorizationManagerBeforeMethodInterceptor - Authorized method invocation ReflectiveMethodInvocation: public org.springframework.http.ResponseEntity com.cristiane.salon.controller.CashFlowController.findByPeriod(java.time.LocalDate,java.time.LocalDate); target is of class [com.cristiane.salon.controller.CashFlowController]
2026-05-16 11:23:30 [http-nio-8080-exec-1] DEBUG o.s.security.web.FilterChainProxy - Securing GET /v1/reports/financial
2026-05-16 11:23:30 [http-nio-8080-exec-9] DEBUG o.s.security.web.FilterChainProxy - Securing GET /v1/cashflow
2026-05-16 11:23:30 [http-nio-8080-exec-9] DEBUG o.s.security.web.FilterChainProxy - Secured GET /v1/cashflow
2026-05-16 11:23:30 [http-nio-8080-exec-9] DEBUG o.s.s.a.m.AuthorizationManagerBeforeMethodInterceptor - Authorizing method invocation ReflectiveMethodInvocation: public org.springframework.http.ResponseEntity com.cristiane.salon.controller.CashFlowController.findByPeriod(java.time.LocalDate,java.time.LocalDate); target is of class [com.cristiane.salon.controller.CashFlowController]
2026-05-16 11:23:30 [http-nio-8080-exec-8] DEBUG o.s.security.web.FilterChainProxy - Securing GET /v1/reports/appointments
2026-05-16 11:23:30 [http-nio-8080-exec-9] DEBUG o.s.s.a.m.AuthorizationManagerBeforeMethodInterceptor - Authorized method invocation ReflectiveMethodInvocation: public org.springframework.http.ResponseEntity com.cristiane.salon.controller.CashFlowController.findByPeriod(java.time.LocalDate,java.time.LocalDate); target is of class [com.cristiane.salon.controller.CashFlowController]
2026-05-16 11:23:30 [http-nio-8080-exec-1] DEBUG o.s.security.web.FilterChainProxy - Secured GET /v1/reports/financial
2026-05-16 11:23:30 [http-nio-8080-exec-1] DEBUG o.s.s.a.m.AuthorizationManagerBeforeMethodInterceptor - Authorizing method invocation ReflectiveMethodInvocation: public org.springframework.http.ResponseEntity com.cristiane.salon.controller.ReportController.getFinancialReport(java.time.LocalDate,java.time.LocalDate); target is of class [com.cristiane.salon.controller.ReportController]
2026-05-16 11:23:30 [http-nio-8080-exec-1] DEBUG o.s.s.a.m.AuthorizationManagerBeforeMethodInterceptor - Authorized method invocation ReflectiveMethodInvocation: public org.springframework.http.ResponseEntity com.cristiane.salon.controller.ReportController.getFinancialReport(java.time.LocalDate,java.time.LocalDate); target is of class [com.cristiane.salon.controller.ReportController]
2026-05-16 11:23:30 [http-nio-8080-exec-8] DEBUG o.s.security.web.FilterChainProxy - Secured GET /v1/reports/appointments
2026-05-16 11:23:30 [http-nio-8080-exec-8] DEBUG o.s.s.a.m.AuthorizationManagerBeforeMethodInterceptor - Authorizing method invocation ReflectiveMethodInvocation: public org.springframework.http.ResponseEntity com.cristiane.salon.controller.ReportController.getAppointmentReport(java.time.LocalDate,java.time.LocalDate); target is of class [com.cristiane.salon.controller.ReportController]
2026-05-16 11:23:30 [http-nio-8080-exec-8] DEBUG o.s.s.a.m.AuthorizationManagerBeforeMethodInterceptor - Authorized method invocation ReflectiveMethodInvocation: public org.springframework.http.ResponseEntity com.cristiane.salon.controller.ReportController.getAppointmentReport(java.time.LocalDate,java.time.LocalDate); target is of class [com.cristiane.salon.controller.ReportController]
2026-05-16 11:25:09 [http-nio-8080-exec-6] DEBUG o.s.security.web.FilterChainProxy - Securing GET /v1/reports/financial
2026-05-16 11:25:09 [http-nio-8080-exec-3] DEBUG o.s.security.web.FilterChainProxy - Securing GET /v1/reports/appointments
2026-05-16 11:25:09 [http-nio-8080-exec-2] DEBUG o.s.security.web.FilterChainProxy - Securing GET /v1/cashflow
2026-05-16 11:25:09 [http-nio-8080-exec-2] DEBUG o.s.security.web.FilterChainProxy - Secured GET /v1/cashflow
2026-05-16 11:25:09 [http-nio-8080-exec-3] DEBUG o.s.security.web.FilterChainProxy - Secured GET /v1/reports/appointments
2026-05-16 11:25:09 [http-nio-8080-exec-6] DEBUG o.s.security.web.FilterChainProxy - Secured GET /v1/reports/financial
2026-05-16 11:25:09 [http-nio-8080-exec-2] DEBUG o.s.s.a.m.AuthorizationManagerBeforeMethodInterceptor - Authorizing method invocation ReflectiveMethodInvocation: public org.springframework.http.ResponseEntity com.cristiane.salon.controller.CashFlowController.findByPeriod(java.time.LocalDate,java.time.LocalDate); target is of class [com.cristiane.salon.controller.CashFlowController]
2026-05-16 11:25:09 [http-nio-8080-exec-2] DEBUG o.s.s.a.m.AuthorizationManagerBeforeMethodInterceptor - Authorized method invocation ReflectiveMethodInvocation: public org.springframework.http.ResponseEntity com.cristiane.salon.controller.CashFlowController.findByPeriod(java.time.LocalDate,java.time.LocalDate); target is of class [com.cristiane.salon.controller.CashFlowController]
2026-05-16 11:25:09 [http-nio-8080-exec-6] DEBUG o.s.s.a.m.AuthorizationManagerBeforeMethodInterceptor - Authorizing method invocation ReflectiveMethodInvocation: public org.springframework.http.ResponseEntity com.cristiane.salon.controller.ReportController.getFinancialReport(java.time.LocalDate,java.time.LocalDate); target is of class [com.cristiane.salon.controller.ReportController]
2026-05-16 11:25:09 [http-nio-8080-exec-3] DEBUG o.s.s.a.m.AuthorizationManagerBeforeMethodInterceptor - Authorizing method invocation ReflectiveMethodInvocation: public org.springframework.http.ResponseEntity com.cristiane.salon.controller.ReportController.getAppointmentReport(java.time.LocalDate,java.time.LocalDate); target is of class [com.cristiane.salon.controller.ReportController]
2026-05-16 11:25:09 [http-nio-8080-exec-3] DEBUG o.s.s.a.m.AuthorizationManagerBeforeMethodInterceptor - Authorized method invocation ReflectiveMethodInvocation: public org.springframework.http.ResponseEntity com.cristiane.salon.controller.ReportController.getAppointmentReport(java.time.LocalDate,java.time.LocalDate); target is of class [com.cristiane.salon.controller.ReportController]
2026-05-16 11:25:09 [http-nio-8080-exec-6] DEBUG o.s.s.a.m.AuthorizationManagerBeforeMethodInterceptor - Authorized method invocation ReflectiveMethodInvocation: public org.springframework.http.ResponseEntity com.cristiane.salon.controller.ReportController.getFinancialReport(java.time.LocalDate,java.time.LocalDate); target is of class [com.cristiane.salon.controller.ReportController]
2026-05-16 11:25:09 [http-nio-8080-exec-1] DEBUG o.s.security.web.FilterChainProxy - Securing GET /v1/cashflow
2026-05-16 11:25:09 [http-nio-8080-exec-2] DEBUG o.s.security.web.FilterChainProxy - Securing GET /v1/reports/financial
2026-05-16 11:25:09 [http-nio-8080-exec-2] DEBUG o.s.security.web.FilterChainProxy - Secured GET /v1/reports/financial
2026-05-16 11:25:09 [http-nio-8080-exec-8] DEBUG o.s.security.web.FilterChainProxy - Securing GET /v1/reports/appointments
2026-05-16 11:25:09 [http-nio-8080-exec-1] DEBUG o.s.security.web.FilterChainProxy - Secured GET /v1/cashflow
2026-05-16 11:25:09 [http-nio-8080-exec-2] DEBUG o.s.s.a.m.AuthorizationManagerBeforeMethodInterceptor - Authorizing method invocation ReflectiveMethodInvocation: public org.springframework.http.ResponseEntity com.cristiane.salon.controller.ReportController.getFinancialReport(java.time.LocalDate,java.time.LocalDate); target is of class [com.cristiane.salon.controller.ReportController]
2026-05-16 11:25:09 [http-nio-8080-exec-1] DEBUG o.s.s.a.m.AuthorizationManagerBeforeMethodInterceptor - Authorizing method invocation ReflectiveMethodInvocation: public org.springframework.http.ResponseEntity com.cristiane.salon.controller.CashFlowController.findByPeriod(java.time.LocalDate,java.time.LocalDate); target is of class [com.cristiane.salon.controller.CashFlowController]
2026-05-16 11:25:09 [http-nio-8080-exec-2] DEBUG o.s.s.a.m.AuthorizationManagerBeforeMethodInterceptor - Authorized method invocation ReflectiveMethodInvocation: public org.springframework.http.ResponseEntity com.cristiane.salon.controller.ReportController.getFinancialReport(java.time.LocalDate,java.time.LocalDate); target is of class [com.cristiane.salon.controller.ReportController]
2026-05-16 11:25:09 [http-nio-8080-exec-1] DEBUG o.s.s.a.m.AuthorizationManagerBeforeMethodInterceptor - Authorized method invocation ReflectiveMethodInvocation: public org.springframework.http.ResponseEntity com.cristiane.salon.controller.CashFlowController.findByPeriod(java.time.LocalDate,java.time.LocalDate); target is of class [com.cristiane.salon.controller.CashFlowController]
2026-05-16 11:25:09 [http-nio-8080-exec-8] DEBUG o.s.security.web.FilterChainProxy - Secured GET /v1/reports/appointments
2026-05-16 11:25:09 [http-nio-8080-exec-8] DEBUG o.s.s.a.m.AuthorizationManagerBeforeMethodInterceptor - Authorizing method invocation ReflectiveMethodInvocation: public org.springframework.http.ResponseEntity com.cristiane.salon.controller.ReportController.getAppointmentReport(java.time.LocalDate,java.time.LocalDate); target is of class [com.cristiane.salon.controller.ReportController]
2026-05-16 11:25:09 [http-nio-8080-exec-8] DEBUG o.s.s.a.m.AuthorizationManagerBeforeMethodInterceptor - Authorized method invocation ReflectiveMethodInvocation: public org.springframework.http.ResponseEntity com.cristiane.salon.controller.ReportController.getAppointmentReport(java.time.LocalDate,java.time.LocalDate); target is of class [com.cristiane.salon.controller.ReportController]
2026-05-16 11:25:45 [http-nio-8080-exec-10] DEBUG o.s.security.web.FilterChainProxy - Securing GET /v1/employees
2026-05-16 11:25:45 [http-nio-8080-exec-10] DEBUG o.s.security.web.FilterChainProxy - Secured GET /v1/employees
2026-05-16 11:25:45 [http-nio-8080-exec-10] DEBUG o.s.s.a.m.AuthorizationManagerBeforeMethodInterceptor - Authorizing method invocation ReflectiveMethodInvocation: public org.springframework.http.ResponseEntity com.cristiane.salon.controller.EmployeeController.findAll(); target is of class [com.cristiane.salon.controller.EmployeeController]
2026-05-16 11:25:45 [http-nio-8080-exec-10] DEBUG o.s.s.a.m.AuthorizationManagerBeforeMethodInterceptor - Authorized method invocation ReflectiveMethodInvocation: public org.springframework.http.ResponseEntity com.cristiane.salon.controller.EmployeeController.findAll(); target is of class [com.cristiane.salon.controller.EmployeeController]
2026-05-16 11:25:45 [http-nio-8080-exec-4] DEBUG o.s.security.web.FilterChainProxy - Securing GET /v1/employees
2026-05-16 11:25:45 [http-nio-8080-exec-4] DEBUG o.s.security.web.FilterChainProxy - Secured GET /v1/employees
2026-05-16 11:25:45 [http-nio-8080-exec-4] DEBUG o.s.s.a.m.AuthorizationManagerBeforeMethodInterceptor - Authorizing method invocation ReflectiveMethodInvocation: public org.springframework.http.ResponseEntity com.cristiane.salon.controller.EmployeeController.findAll(); target is of class [com.cristiane.salon.controller.EmployeeController]
2026-05-16 11:25:45 [http-nio-8080-exec-4] DEBUG o.s.s.a.m.AuthorizationManagerBeforeMethodInterceptor - Authorized method invocation ReflectiveMethodInvocation: public org.springframework.http.ResponseEntity com.cristiane.salon.controller.EmployeeController.findAll(); target is of class [com.cristiane.salon.controller.EmployeeController]
2026-05-16 11:29:46 [http-nio-8080-exec-9] DEBUG o.s.security.web.FilterChainProxy - Securing GET /v1/services
2026-05-16 11:29:46 [http-nio-8080-exec-3] DEBUG o.s.security.web.FilterChainProxy - Securing OPTIONS /v1/employees/booking
2026-05-16 11:29:46 [http-nio-8080-exec-1] DEBUG o.s.security.web.FilterChainProxy - Securing OPTIONS /v1/employees/booking
2026-05-16 11:29:46 [http-nio-8080-exec-2] DEBUG o.s.security.web.FilterChainProxy - Securing GET /v1/employees/booking
2026-05-16 11:29:46 [http-nio-8080-exec-9] DEBUG o.s.security.web.FilterChainProxy - Secured GET /v1/services
2026-05-16 11:29:46 [http-nio-8080-exec-2] DEBUG o.s.security.web.FilterChainProxy - Secured GET /v1/employees/booking
2026-05-16 11:29:46 [http-nio-8080-exec-2] DEBUG o.s.s.a.m.AuthorizationManagerBeforeMethodInterceptor - Authorizing method invocation ReflectiveMethodInvocation: public org.springframework.http.ResponseEntity com.cristiane.salon.controller.EmployeeController.findAllForBooking(); target is of class [com.cristiane.salon.controller.EmployeeController]
2026-05-16 11:29:46 [http-nio-8080-exec-2] DEBUG o.s.s.a.m.AuthorizationManagerBeforeMethodInterceptor - Authorized method invocation ReflectiveMethodInvocation: public org.springframework.http.ResponseEntity com.cristiane.salon.controller.EmployeeController.findAllForBooking(); target is of class [com.cristiane.salon.controller.EmployeeController]
2026-05-16 11:29:46 [http-nio-8080-exec-8] DEBUG o.s.security.web.FilterChainProxy - Securing GET /v1/services
2026-05-16 11:29:46 [http-nio-8080-exec-8] DEBUG o.s.security.web.FilterChainProxy - Secured GET /v1/services
2026-05-16 11:29:46 [http-nio-8080-exec-10] DEBUG o.s.security.web.FilterChainProxy - Securing GET /v1/employees/booking
2026-05-16 11:29:46 [http-nio-8080-exec-10] DEBUG o.s.security.web.FilterChainProxy - Secured GET /v1/employees/booking
2026-05-16 11:29:46 [http-nio-8080-exec-10] DEBUG o.s.s.a.m.AuthorizationManagerBeforeMethodInterceptor - Authorizing method invocation ReflectiveMethodInvocation: public org.springframework.http.ResponseEntity com.cristiane.salon.controller.EmployeeController.findAllForBooking(); target is of class [com.cristiane.salon.controller.EmployeeController]
2026-05-16 11:29:46 [http-nio-8080-exec-10] DEBUG o.s.s.a.m.AuthorizationManagerBeforeMethodInterceptor - Authorized method invocation ReflectiveMethodInvocation: public org.springframework.http.ResponseEntity com.cristiane.salon.controller.EmployeeController.findAllForBooking(); target is of class [com.cristiane.salon.controller.EmployeeController]
2026-05-16 11:29:48 [http-nio-8080-exec-4] DEBUG o.s.security.web.FilterChainProxy - Securing GET /v1/services
2026-05-16 11:29:48 [http-nio-8080-exec-4] DEBUG o.s.security.web.FilterChainProxy - Secured GET /v1/services
2026-05-16 11:29:48 [http-nio-8080-exec-5] DEBUG o.s.security.web.FilterChainProxy - Securing GET /v1/services
2026-05-16 11:29:48 [http-nio-8080-exec-5] DEBUG o.s.security.web.FilterChainProxy - Secured GET /v1/services
2026-05-16 11:29:53 [http-nio-8080-exec-6] DEBUG o.s.security.web.FilterChainProxy - Securing GET /v1/reports/financial
2026-05-16 11:29:53 [http-nio-8080-exec-7] DEBUG o.s.security.web.FilterChainProxy - Securing GET /v1/reports/appointments
2026-05-16 11:29:53 [http-nio-8080-exec-3] DEBUG o.s.security.web.FilterChainProxy - Securing GET /v1/cashflow
2026-05-16 11:29:53 [http-nio-8080-exec-7] DEBUG o.s.security.web.FilterChainProxy - Secured GET /v1/reports/appointments
2026-05-16 11:29:53 [http-nio-8080-exec-6] DEBUG o.s.security.web.FilterChainProxy - Secured GET /v1/reports/financial
2026-05-16 11:29:53 [http-nio-8080-exec-3] DEBUG o.s.security.web.FilterChainProxy - Secured GET /v1/cashflow
2026-05-16 11:29:53 [http-nio-8080-exec-6] DEBUG o.s.s.a.m.AuthorizationManagerBeforeMethodInterceptor - Authorizing method invocation ReflectiveMethodInvocation: public org.springframework.http.ResponseEntity com.cristiane.salon.controller.ReportController.getFinancialReport(java.time.LocalDate,java.time.LocalDate); target is of class [com.cristiane.salon.controller.ReportController]
2026-05-16 11:29:53 [http-nio-8080-exec-7] DEBUG o.s.s.a.m.AuthorizationManagerBeforeMethodInterceptor - Authorizing method invocation ReflectiveMethodInvocation: public org.springframework.http.ResponseEntity com.cristiane.salon.controller.ReportController.getAppointmentReport(java.time.LocalDate,java.time.LocalDate); target is of class [com.cristiane.salon.controller.ReportController]
2026-05-16 11:29:53 [http-nio-8080-exec-6] DEBUG o.s.s.a.m.AuthorizationManagerBeforeMethodInterceptor - Authorized method invocation ReflectiveMethodInvocation: public org.springframework.http.ResponseEntity com.cristiane.salon.controller.ReportController.getFinancialReport(java.time.LocalDate,java.time.LocalDate); target is of class [com.cristiane.salon.controller.ReportController]
2026-05-16 11:29:53 [http-nio-8080-exec-3] DEBUG o.s.s.a.m.AuthorizationManagerBeforeMethodInterceptor - Authorizing method invocation ReflectiveMethodInvocation: public org.springframework.http.ResponseEntity com.cristiane.salon.controller.CashFlowController.findByPeriod(java.time.LocalDate,java.time.LocalDate); target is of class [com.cristiane.salon.controller.CashFlowController]
2026-05-16 11:29:53 [http-nio-8080-exec-3] DEBUG o.s.s.a.m.AuthorizationManagerBeforeMethodInterceptor - Authorized method invocation ReflectiveMethodInvocation: public org.springframework.http.ResponseEntity com.cristiane.salon.controller.CashFlowController.findByPeriod(java.time.LocalDate,java.time.LocalDate); target is of class [com.cristiane.salon.controller.CashFlowController]
2026-05-16 11:29:53 [http-nio-8080-exec-7] DEBUG o.s.s.a.m.AuthorizationManagerBeforeMethodInterceptor - Authorized method invocation ReflectiveMethodInvocation: public org.springframework.http.ResponseEntity com.cristiane.salon.controller.ReportController.getAppointmentReport(java.time.LocalDate,java.time.LocalDate); target is of class [com.cristiane.salon.controller.ReportController]
2026-05-16 11:29:53 [http-nio-8080-exec-9] DEBUG o.s.security.web.FilterChainProxy - Securing GET /v1/cashflow
2026-05-16 11:29:53 [http-nio-8080-exec-1] DEBUG o.s.security.web.FilterChainProxy - Securing GET /v1/reports/financial
2026-05-16 11:29:53 [http-nio-8080-exec-2] DEBUG o.s.security.web.FilterChainProxy - Securing GET /v1/reports/appointments
2026-05-16 11:29:53 [http-nio-8080-exec-9] DEBUG o.s.security.web.FilterChainProxy - Secured GET /v1/cashflow
2026-05-16 11:29:53 [http-nio-8080-exec-1] DEBUG o.s.security.web.FilterChainProxy - Secured GET /v1/reports/financial
2026-05-16 11:29:53 [http-nio-8080-exec-9] DEBUG o.s.s.a.m.AuthorizationManagerBeforeMethodInterceptor - Authorizing method invocation ReflectiveMethodInvocation: public org.springframework.http.ResponseEntity com.cristiane.salon.controller.CashFlowController.findByPeriod(java.time.LocalDate,java.time.LocalDate); target is of class [com.cristiane.salon.controller.CashFlowController]
2026-05-16 11:29:53 [http-nio-8080-exec-1] DEBUG o.s.s.a.m.AuthorizationManagerBeforeMethodInterceptor - Authorizing method invocation ReflectiveMethodInvocation: public org.springframework.http.ResponseEntity com.cristiane.salon.controller.ReportController.getFinancialReport(java.time.LocalDate,java.time.LocalDate); target is of class [com.cristiane.salon.controller.ReportController]
2026-05-16 11:29:53 [http-nio-8080-exec-1] DEBUG o.s.s.a.m.AuthorizationManagerBeforeMethodInterceptor - Authorized method invocation ReflectiveMethodInvocation: public org.springframework.http.ResponseEntity com.cristiane.salon.controller.ReportController.getFinancialReport(java.time.LocalDate,java.time.LocalDate); target is of class [com.cristiane.salon.controller.ReportController]
2026-05-16 11:29:53 [http-nio-8080-exec-9] DEBUG o.s.s.a.m.AuthorizationManagerBeforeMethodInterceptor - Authorized method invocation ReflectiveMethodInvocation: public org.springframework.http.ResponseEntity com.cristiane.salon.controller.CashFlowController.findByPeriod(java.time.LocalDate,java.time.LocalDate); target is of class [com.cristiane.salon.controller.CashFlowController]
2026-05-16 11:29:53 [http-nio-8080-exec-2] DEBUG o.s.security.web.FilterChainProxy - Secured GET /v1/reports/appointments
2026-05-16 11:29:53 [http-nio-8080-exec-2] DEBUG o.s.s.a.m.AuthorizationManagerBeforeMethodInterceptor - Authorizing method invocation ReflectiveMethodInvocation: public org.springframework.http.ResponseEntity com.cristiane.salon.controller.ReportController.getAppointmentReport(java.time.LocalDate,java.time.LocalDate); target is of class [com.cristiane.salon.controller.ReportController]
2026-05-16 11:29:53 [http-nio-8080-exec-2] DEBUG o.s.s.a.m.AuthorizationManagerBeforeMethodInterceptor - Authorized method invocation ReflectiveMethodInvocation: public org.springframework.http.ResponseEntity com.cristiane.salon.controller.ReportController.getAppointmentReport(java.time.LocalDate,java.time.LocalDate); target is of class [com.cristiane.salon.controller.ReportController]
